Build started 29/09/2011 15:33:40.
     1>Project "C:\MyDocuments\CabbageSVN\Builds\VisualStudio2010\Cabbage.vcxproj" on node 2 (build target(s)).
     1>InitializeBuildStatus:
         Touching ".\Release\Cabbage.unsuccessfulbuild".
       ClCompile:
         c:\Program Files\Microsoft Visual Studio 10.0\VC\bin\CL.exe /c /IC:\MyDocuments\SourceCode\Csound5\csound5\H /I"C:\MyDocuments\My Dropbox\ASIOSDK2" /I"C:\MyDocuments\My Dropbox\vstsdk2.4" /Zi /nologo /W4 /WX- /Ox /Oy- /GL /D WIN32 /D _WINDOWS /D NDEBUG /D JUCER_VS2010_78A501D=1 /D MSVC /D Cabbage_Build_Standalone /D Cabbage_Named_Pipe /D USE_DOUBLE /D _MBCS /Gm- /EHsc /MT /GS /fp:precise /Zc:wchar_t /Zc:forScope /GR /Fo".\Release\\" /Fd".\Release\vc100.pdb" /Gd /TP /analyze- /errorReport:prompt ..\..\JuceLibraryCode\JuceLibraryCode1.cpp ..\..\JuceLibraryCode\JuceLibraryCode2.cpp ..\..\JuceLibraryCode\JuceLibraryCode3.cpp ..\..\JuceLibraryCode\JuceLibraryCode4.cpp ..\..\Source\CabbageGUIClass.cpp ..\..\Source\CabbageMainPanel.cpp ..\..\Source\CabbagePluginEditor.cpp ..\..\Source\CabbagePluginProcessor.cpp ..\..\Source\CabbageStandaloneDialog.cpp ..\..\Source\ComponentLayoutEditor.cpp ..\..\Source\StandaloneFilterApp.cpp
         JuceLibraryCode1.cpp
         JuceLibraryCode2.cpp
     1>c:\mydocuments\jucetip\juce\amalgamation\../src/audio/synthesisers/juce_Synthesiser.cpp(405): warning C4100: 'midiChannel' : unreferenced formal parameter
         JuceLibraryCode3.cpp
         JuceLibraryCode4.cpp
         CabbageGUIClass.cpp
     1>..\..\Source\CabbageGUIClass.cpp(328): warning C4244: '=' : conversion from 'int' to 'float', possible loss of data
         CabbageMainPanel.cpp
         CabbagePluginEditor.cpp
     1>c:\mydocuments\cabbagesvn\source\CabbageCustomWidgets.h(327): warning C4244: 'argument' : conversion from 'double' to 'float', possible loss of data
     1>c:\mydocuments\cabbagesvn\source\CabbageCustomWidgets.h(327): warning C4244: 'argument' : conversion from 'int' to 'float', possible loss of data
     1>c:\mydocuments\cabbagesvn\source\CabbageCustomWidgets.h(327): warning C4244: 'argument' : conversion from 'int' to 'float', possible loss of data
     1>c:\mydocuments\cabbagesvn\source\CabbageCustomWidgets.h(329): warning C4244: 'argument' : conversion from 'double' to 'float', possible loss of data
     1>c:\mydocuments\cabbagesvn\source\CabbageCustomWidgets.h(329): warning C4244: 'argument' : conversion from 'int' to 'float', possible loss of data
     1>c:\mydocuments\cabbagesvn\source\CabbageCustomWidgets.h(329): warning C4244: 'argument' : conversion from 'int' to 'float', possible loss of data
     1>c:\mydocuments\cabbagesvn\source\CabbageCustomWidgets.h(329): warning C4244: 'argument' : conversion from 'int' to 'float', possible loss of data
     1>c:\mydocuments\cabbagesvn\source\CabbageCustomWidgets.h(329): warning C4244: 'argument' : conversion from 'int' to 'float', possible loss of data
     1>c:\mydocuments\cabbagesvn\source\CabbageCustomWidgets.h(333): warning C4244: 'argument' : conversion from 'int' to 'float', possible loss of data
     1>c:\mydocuments\cabbagesvn\source\CabbageCustomWidgets.h(333): warning C4244: 'argument' : conversion from 'int' to 'float', possible loss of data
     1>c:\mydocuments\cabbagesvn\source\CabbageCustomWidgets.h(335): warning C4244: 'argument' : conversion from 'int' to 'float', possible loss of data
     1>c:\mydocuments\cabbagesvn\source\CabbageCustomWidgets.h(335): warning C4244: 'argument' : conversion from 'int' to 'float', possible loss of data
     1>c:\mydocuments\cabbagesvn\source\CabbageCustomWidgets.h(335): warning C4244: 'argument' : conversion from 'int' to 'float', possible loss of data
     1>c:\mydocuments\cabbagesvn\source\CabbageCustomWidgets.h(335): warning C4244: 'argument' : conversion from 'int' to 'float', possible loss of data
     1>..\..\Source\CabbagePluginEditor.cpp(99): warning C4100: 'source' : unreferenced formal parameter
     1>..\..\Source\CabbagePluginEditor.cpp(170): warning C4100: 'e' : unreferenced formal parameter
     1>..\..\Source\CabbagePluginEditor.cpp(393): warning C4244: 'argument' : conversion from 'float' to 'int', possible loss of data
     1>..\..\Source\CabbagePluginEditor.cpp(393): warning C4244: 'argument' : conversion from 'float' to 'int', possible loss of data
     1>..\..\Source\CabbagePluginEditor.cpp(393): warning C4244: 'argument' : conversion from 'float' to 'int', possible loss of data
     1>..\..\Source\CabbagePluginEditor.cpp(393): warning C4244: 'argument' : conversion from 'float' to 'int', possible loss of data
     1>..\..\Source\CabbagePluginEditor.cpp(451): warning C4244: 'argument' : conversion from 'float' to 'int', possible loss of data
     1>..\..\Source\CabbagePluginEditor.cpp(451): warning C4244: 'argument' : conversion from 'float' to 'int', possible loss of data
     1>..\..\Source\CabbagePluginEditor.cpp(451): warning C4244: 'argument' : conversion from 'float' to 'int', possible loss of data
     1>..\..\Source\CabbagePluginEditor.cpp(451): warning C4244: 'argument' : conversion from 'float' to 'int', possible loss of data
     1>..\..\Source\CabbagePluginEditor.cpp(451): warning C4244: 'argument' : conversion from 'float' to 'int', possible loss of data
     1>..\..\Source\CabbagePluginEditor.cpp(460): warning C4244: 'argument' : conversion from 'float' to 'int', possible loss of data
     1>..\..\Source\CabbagePluginEditor.cpp(460): warning C4244: 'argument' : conversion from 'float' to 'int', possible loss of data
     1>..\..\Source\CabbagePluginEditor.cpp(460): warning C4244: 'argument' : conversion from 'float' to 'int', possible loss of data
     1>..\..\Source\CabbagePluginEditor.cpp(460): warning C4244: 'argument' : conversion from 'float' to 'int', possible loss of data
     1>..\..\Source\CabbagePluginEditor.cpp(495): warning C4244: 'argument' : conversion from 'float' to 'int', possible loss of data
     1>..\..\Source\CabbagePluginEditor.cpp(495): warning C4244: 'argument' : conversion from 'float' to 'int', possible loss of data
     1>..\..\Source\CabbagePluginEditor.cpp(495): warning C4244: 'argument' : conversion from 'float' to 'int', possible loss of data
     1>..\..\Source\CabbagePluginEditor.cpp(495): warning C4244: 'argument' : conversion from 'float' to 'int', possible loss of data
     1>..\..\Source\CabbagePluginEditor.cpp(502): warning C4244: 'argument' : conversion from 'float' to 'int', possible loss of data
     1>..\..\Source\CabbagePluginEditor.cpp(502): warning C4244: 'argument' : conversion from 'float' to 'int', possible loss of data
     1>..\..\Source\CabbagePluginEditor.cpp(502): warning C4244: 'argument' : conversion from 'float' to 'int', possible loss of data
     1>..\..\Source\CabbagePluginEditor.cpp(502): warning C4244: 'argument' : conversion from 'float' to 'int', possible loss of data
     1>..\..\Source\CabbagePluginEditor.cpp(529): warning C4244: 'initializing' : conversion from 'float' to 'int', possible loss of data
     1>..\..\Source\CabbagePluginEditor.cpp(530): warning C4244: 'initializing' : conversion from 'float' to 'int', possible loss of data
     1>..\..\Source\CabbagePluginEditor.cpp(531): warning C4244: 'initializing' : conversion from 'float' to 'int', possible loss of data
     1>..\..\Source\CabbagePluginEditor.cpp(532): warning C4244: 'initializing' : conversion from 'float' to 'int', possible loss of data
     1>..\..\Source\CabbagePluginEditor.cpp(599): warning C4244: 'argument' : conversion from 'float' to 'int', possible loss of data
     1>..\..\Source\CabbagePluginEditor.cpp(599): warning C4244: 'argument' : conversion from 'float' to 'int', possible loss of data
     1>..\..\Source\CabbagePluginEditor.cpp(599): warning C4244: 'argument' : conversion from 'float' to 'int', possible loss of data
     1>..\..\Source\CabbagePluginEditor.cpp(599): warning C4244: 'argument' : conversion from 'float' to 'int', possible loss of data
     1>..\..\Source\CabbagePluginEditor.cpp(606): warning C4244: 'argument' : conversion from 'float' to 'int', possible loss of data
     1>..\..\Source\CabbagePluginEditor.cpp(606): warning C4244: 'argument' : conversion from 'float' to 'int', possible loss of data
     1>..\..\Source\CabbagePluginEditor.cpp(606): warning C4244: 'argument' : conversion from 'float' to 'int', possible loss of data
     1>..\..\Source\CabbagePluginEditor.cpp(606): warning C4244: 'argument' : conversion from 'float' to 'int', possible loss of data
     1>..\..\Source\CabbagePluginEditor.cpp(653): warning C4244: 'argument' : conversion from 'float' to 'int', possible loss of data
     1>..\..\Source\CabbagePluginEditor.cpp(653): warning C4244: 'argument' : conversion from 'float' to 'int', possible loss of data
     1>..\..\Source\CabbagePluginEditor.cpp(653): warning C4244: 'argument' : conversion from 'float' to 'int', possible loss of data
     1>..\..\Source\CabbagePluginEditor.cpp(653): warning C4244: 'argument' : conversion from 'float' to 'int', possible loss of data
     1>..\..\Source\CabbagePluginEditor.cpp(660): warning C4244: 'argument' : conversion from 'float' to 'int', possible loss of data
     1>..\..\Source\CabbagePluginEditor.cpp(660): warning C4244: 'argument' : conversion from 'float' to 'int', possible loss of data
     1>..\..\Source\CabbagePluginEditor.cpp(660): warning C4244: 'argument' : conversion from 'float' to 'int', possible loss of data
     1>..\..\Source\CabbagePluginEditor.cpp(660): warning C4244: 'argument' : conversion from 'float' to 'int', possible loss of data
     1>..\..\Source\CabbagePluginEditor.cpp(666): warning C4244: 'argument' : conversion from 'float' to 'int', possible loss of data
     1>..\..\Source\CabbagePluginEditor.cpp(666): warning C4244: 'argument' : conversion from 'float' to 'int', possible loss of data
     1>..\..\Source\CabbagePluginEditor.cpp(666): warning C4244: 'argument' : conversion from 'float' to 'int', possible loss of data
     1>..\..\Source\CabbagePluginEditor.cpp(666): warning C4244: 'argument' : conversion from 'float' to 'int', possible loss of data
     1>..\..\Source\CabbagePluginEditor.cpp(671): warning C4244: 'argument' : conversion from 'float' to 'int', possible loss of data
     1>..\..\Source\CabbagePluginEditor.cpp(671): warning C4244: 'argument' : conversion from 'float' to 'int', possible loss of data
     1>..\..\Source\CabbagePluginEditor.cpp(671): warning C4244: 'argument' : conversion from 'float' to 'int', possible loss of data
     1>..\..\Source\CabbagePluginEditor.cpp(671): warning C4244: 'argument' : conversion from 'float' to 'int', possible loss of data
     1>..\..\Source\CabbagePluginEditor.cpp(673): warning C4244: 'argument' : conversion from 'float' to 'int', possible loss of data
     1>..\..\Source\CabbagePluginEditor.cpp(673): warning C4244: 'argument' : conversion from 'float' to 'int', possible loss of data
     1>..\..\Source\CabbagePluginEditor.cpp(673): warning C4244: 'argument' : conversion from 'float' to 'int', possible loss of data
     1>..\..\Source\CabbagePluginEditor.cpp(673): warning C4244: 'argument' : conversion from 'float' to 'int', possible loss of data
     1>..\..\Source\CabbagePluginEditor.cpp(703): warning C4244: 'initializing' : conversion from 'float' to 'int', possible loss of data
     1>..\..\Source\CabbagePluginEditor.cpp(703): warning C4189: 'range' : local variable is initialized but not referenced
     1>..\..\Source\CabbagePluginEditor.cpp(757): warning C4244: 'argument' : conversion from 'float' to 'int', possible loss of data
     1>..\..\Source\CabbagePluginEditor.cpp(757): warning C4244: 'argument' : conversion from 'float' to 'int', possible loss of data
     1>..\..\Source\CabbagePluginEditor.cpp(757): warning C4244: 'argument' : conversion from 'float' to 'int', possible loss of data
     1>..\..\Source\CabbagePluginEditor.cpp(757): warning C4244: 'argument' : conversion from 'float' to 'int', possible loss of data
     1>..\..\Source\CabbagePluginEditor.cpp(763): warning C4244: 'argument' : conversion from 'float' to 'int', possible loss of data
     1>..\..\Source\CabbagePluginEditor.cpp(763): warning C4244: 'argument' : conversion from 'float' to 'int', possible loss of data
     1>..\..\Source\CabbagePluginEditor.cpp(763): warning C4244: 'argument' : conversion from 'float' to 'int', possible loss of data
     1>..\..\Source\CabbagePluginEditor.cpp(763): warning C4244: 'argument' : conversion from 'float' to 'int', possible loss of data
     1>..\..\Source\CabbagePluginEditor.cpp(768): warning C4244: 'argument' : conversion from 'float' to 'int', possible loss of data
     1>..\..\Source\CabbagePluginEditor.cpp(768): warning C4244: 'argument' : conversion from 'float' to 'int', possible loss of data
     1>..\..\Source\CabbagePluginEditor.cpp(768): warning C4244: 'argument' : conversion from 'float' to 'int', possible loss of data
     1>..\..\Source\CabbagePluginEditor.cpp(768): warning C4244: 'argument' : conversion from 'float' to 'int', possible loss of data
     1>..\..\Source\CabbagePluginEditor.cpp(812): warning C4244: 'argument' : conversion from 'float' to 'int', possible loss of data
     1>..\..\Source\CabbagePluginEditor.cpp(812): warning C4244: 'argument' : conversion from 'float' to 'int', possible loss of data
     1>..\..\Source\CabbagePluginEditor.cpp(812): warning C4244: 'argument' : conversion from 'float' to 'int', possible loss of data
     1>..\..\Source\CabbagePluginEditor.cpp(812): warning C4244: 'argument' : conversion from 'float' to 'int', possible loss of data
     1>..\..\Source\CabbagePluginEditor.cpp(819): warning C4244: 'argument' : conversion from 'float' to 'int', possible loss of data
     1>..\..\Source\CabbagePluginEditor.cpp(819): warning C4244: 'argument' : conversion from 'float' to 'int', possible loss of data
     1>..\..\Source\CabbagePluginEditor.cpp(819): warning C4244: 'argument' : conversion from 'float' to 'int', possible loss of data
     1>..\..\Source\CabbagePluginEditor.cpp(819): warning C4244: 'argument' : conversion from 'float' to 'int', possible loss of data
     1>..\..\Source\CabbagePluginEditor.cpp(825): warning C4244: 'argument' : conversion from 'float' to 'int', possible loss of data
     1>..\..\Source\CabbagePluginEditor.cpp(825): warning C4244: 'argument' : conversion from 'float' to 'int', possible loss of data
     1>..\..\Source\CabbagePluginEditor.cpp(825): warning C4244: 'argument' : conversion from 'float' to 'int', possible loss of data
     1>..\..\Source\CabbagePluginEditor.cpp(825): warning C4244: 'argument' : conversion from 'float' to 'int', possible loss of data
     1>..\..\Source\CabbagePluginEditor.cpp(934): warning C4244: 'argument' : conversion from 'float' to 'int', possible loss of data
     1>..\..\Source\CabbagePluginEditor.cpp(934): warning C4244: 'argument' : conversion from 'float' to 'int', possible loss of data
     1>..\..\Source\CabbagePluginEditor.cpp(934): warning C4244: 'argument' : conversion from 'float' to 'int', possible loss of data
     1>..\..\Source\CabbagePluginEditor.cpp(934): warning C4244: 'argument' : conversion from 'float' to 'int', possible loss of data
     1>..\..\Source\CabbagePluginEditor.cpp(941): warning C4244: 'argument' : conversion from 'float' to 'int', possible loss of data
     1>..\..\Source\CabbagePluginEditor.cpp(941): warning C4244: 'argument' : conversion from 'float' to 'int', possible loss of data
     1>..\..\Source\CabbagePluginEditor.cpp(941): warning C4244: 'argument' : conversion from 'float' to 'int', possible loss of data
     1>..\..\Source\CabbagePluginEditor.cpp(941): warning C4244: 'argument' : conversion from 'float' to 'int', possible loss of data
     1>..\..\Source\CabbagePluginEditor.cpp(947): warning C4244: 'argument' : conversion from 'float' to 'int', possible loss of data
     1>..\..\Source\CabbagePluginEditor.cpp(947): warning C4244: 'argument' : conversion from 'float' to 'int', possible loss of data
     1>..\..\Source\CabbagePluginEditor.cpp(947): warning C4244: 'argument' : conversion from 'float' to 'int', possible loss of data
     1>..\..\Source\CabbagePluginEditor.cpp(947): warning C4244: 'argument' : conversion from 'float' to 'int', possible loss of data
     1>..\..\Source\CabbagePluginEditor.cpp(957): warning C4244: 'argument' : conversion from 'int' to 'float', possible loss of data
     1>..\..\Source\CabbagePluginEditor.cpp(960): warning C4244: 'argument' : conversion from 'float' to 'int', possible loss of data
     1>..\..\Source\CabbagePluginEditor.cpp(986): warning C4244: 'argument' : conversion from 'int' to 'float', possible loss of data
     1>..\..\Source\CabbagePluginEditor.cpp(1015): warning C4244: 'argument' : conversion from 'juce::juce_wchar' to 'char', possible loss of data
     1>..\..\Source\CabbagePluginEditor.cpp(1070): warning C4800: 'float' : forcing value to bool 'true' or 'false' (performance warning)
     1>..\..\Source\CabbagePluginEditor.cpp(1130): warning C4244: 'argument' : conversion from 'double' to 'int', possible loss of data
         CabbagePluginProcessor.cpp
     1>..\..\Source\CabbagePluginProcessor.cpp(263): warning C4996: 'vsnprintf': This function or variable may be unsafe. Consider using vsnprintf_s instead. To disable deprecation, use _CRT_SECURE_NO_WARNINGS. See online help for details.
                 c:\Program Files\Microsoft Visual Studio 10.0\VC\include\stdio.h(354) : see declaration of 'vsnprintf'
     1>..\..\Source\CabbagePluginProcessor.cpp(275): warning C4100: 'source' : unreferenced formal parameter
     1>..\..\Source\CabbagePluginProcessor.cpp(313): warning C4244: 'initializing' : conversion from 'float' to 'int', possible loss of data
     1>..\..\Source\CabbagePluginProcessor.cpp(320): warning C4244: 'argument' : conversion from 'double' to 'float', possible loss of data
     1>..\..\Source\CabbagePluginProcessor.cpp(313): warning C4189: 'range' : local variable is initialized but not referenced
     1>..\..\Source\CabbagePluginProcessor.cpp(503): warning C4244: '=' : conversion from 'double' to 'float', possible loss of data
     1>..\..\Source\CabbagePluginProcessor.cpp(561): warning C4244: '=' : conversion from 'int' to 'unsigned char', possible loss of data
     1>..\..\Source\CabbagePluginProcessor.cpp(567): warning C4244: '=' : conversion from 'int' to 'unsigned char', possible loss of data
     1>..\..\Source\CabbagePluginProcessor.cpp(573): warning C4244: '=' : conversion from 'int' to 'unsigned char', possible loss of data
         CabbageStandaloneDialog.cpp
         ComponentLayoutEditor.cpp
     1>..\..\Source\ComponentLayoutEditor.cpp(206): warning C4100: 'e' : unreferenced formal parameter
     1>..\..\Source\ComponentLayoutEditor.cpp(212): warning C4100: 'e' : unreferenced formal parameter
     1>..\..\Source\ComponentLayoutEditor.cpp(241): warning C4100: 'g' : unreferenced formal parameter
         StandaloneFilterApp.cpp
       Link:
         c:\Program Files\Microsoft Visual Studio 10.0\VC\bin\link.exe /ERRORREPORT:PROMPT /OUT:".\Release\Cabbage.exe" /NOLOGO kernel32.lib user32.lib gdi32.lib winspool.lib comdlg32.lib advapi32.lib shell32.lib ole32.lib oleaut32.lib uuid.lib odbc32.lib odbccp32.lib /MANIFEST /ManifestFile:".\Release\Cabbage.exe.intermediate.manifest" /MANIFESTUAC:"level='asInvoker' uiAccess='false'" /DEBUG /PDB:".\Release\Cabbage.pdb" /SUBSYSTEM:WINDOWS /OPT:REF /OPT:ICF /LTCG /TLBID:1 /DYNAMICBASE /NXCOMPAT /IMPLIB:".\Release\Cabbage.lib" /MACHINE:X86 .\Release\CabbageGUIClass.obj
         .\Release\CabbageMainPanel.obj
         .\Release\CabbagePluginEditor.obj
         .\Release\CabbagePluginProcessor.obj
         .\Release\CabbageStandaloneDialog.obj
         .\Release\ComponentLayoutEditor.obj
         .\Release\StandaloneFilterApp.obj
         .\Release\JuceLibraryCode1.obj
         .\Release\JuceLibraryCode2.obj
         .\Release\JuceLibraryCode3.obj
         .\Release\JuceLibraryCode4.obj "C:\MyDocuments\SourceCode\Csound5\csound5\csound32.lib" 
            Creating library .\Release\Cabbage.lib and object .\Release\Cabbage.exp
         Generating code
     1>c:\mydocuments\sourcecode\csound5\csound5\h\csound.hpp(270): warning C4706: assignment within conditional expression
     1>c:\mydocuments\sourcecode\csound5\csound5\h\csound.hpp(253): warning C4706: assignment within conditional expression
     1>c:\mydocuments\sourcecode\csound5\csound5\h\csound.hpp(238): warning C4706: assignment within conditional expression
     1>c:\mydocuments\sourcecode\csound5\csound5\h\csound.hpp(224): warning C4706: assignment within conditional expression
     1>c:\mydocuments\sourcecode\csound5\csound5\h\csound.hpp(211): warning C4706: assignment within conditional expression
     1>c:\mydocuments\jucetip\juce\src\gui\components\positioning\juce_relativecoordinatepositioner.cpp(60): warning C4702: unreachable code
     1>c:\mydocuments\jucetip\juce\src\gui\components\positioning\juce_relativerectangle.cpp(137): warning C4702: unreachable code
         Finished generating code
         Cabbage.vcxproj -> C:\MyDocuments\CabbageSVN\Builds\VisualStudio2010\.\Release\Cabbage.exe
       Manifest:
         C:\Program Files\Microsoft SDKs\Windows\v7.0A\bin\mt.exe /nologo /verbose /outputresource:".\Release\Cabbage.exe;#1" /manifest .\Release\Cabbage.exe.intermediate.manifest
       FinalizeBuildStatus:
         Deleting file ".\Release\Cabbage.unsuccessfulbuild".
         Touching ".\Release\Cabbage.lastbuildstate".
     1>Done Building Project "C:\MyDocuments\CabbageSVN\Builds\VisualStudio2010\Cabbage.vcxproj" (build target(s)).

Build succeeded.

Time Elapsed 00:01:31.68
