.\Release\Cabbage.pdb
C:\MyDocuments\CabbageSVN\Builds\VisualStudio2010\.\Release\Cabbage.exe
C:\MyDocuments\CabbageSVN\Builds\VisualStudio2010\.\Release\Cabbage.exe.intermediate.manifest
C:\MYDOCUMENTS\CABBAGESVN\BUILDS\VISUALSTUDIO2010\RELEASE\CABBAGE.EXE
C:\MYDOCUMENTS\CABBAGESVN\BUILDS\VISUALSTUDIO2010\RELEASE\CABBAGE.EXE.INTERMEDIATE.MANIFEST
C:\MyDocuments\CabbageSVN\Builds\VisualStudio2010\Release\Cabbage.exp
C:\MyDocuments\CabbageSVN\Builds\VisualStudio2010\Release\Cabbage.lib
C:\MYDOCUMENTS\CABBAGESVN\BUILDS\VISUALSTUDIO2010\RELEASE\CABBAGE.PDB
C:\MyDocuments\CabbageSVN\Builds\VisualStudio2010\Release\Cabbage.write.1.tlog
C:\MYDOCUMENTS\CABBAGESVN\BUILDS\VISUALSTUDIO2010\RELEASE\CABBAGEGUICLASS.OBJ
C:\MYDOCUMENTS\CABBAGESVN\BUILDS\VISUALSTUDIO2010\RELEASE\CABBAGELOOKANDFEEL.OBJ
C:\MYDOCUMENTS\CABBAGESVN\BUILDS\VISUALSTUDIO2010\RELEASE\CABBAGEMAINPANEL.OBJ
C:\MYDOCUMENTS\CABBAGESVN\BUILDS\VISUALSTUDIO2010\RELEASE\CABBAGEPLUGINEDITOR.OBJ
C:\MYDOCUMENTS\CABBAGESVN\BUILDS\VISUALSTUDIO2010\RELEASE\CABBAGEPLUGINPROCESSOR.OBJ
C:\MYDOCUMENTS\CABBAGESVN\BUILDS\VISUALSTUDIO2010\RELEASE\CABBAGESTANDALONEDIALOG.OBJ
C:\MyDocuments\CabbageSVN\Builds\VisualStudio2010\Release\cl.command.1.tlog
C:\MyDocuments\CabbageSVN\Builds\VisualStudio2010\Release\CL.read.1.tlog
C:\MyDocuments\CabbageSVN\Builds\VisualStudio2010\Release\CL.write.1.tlog
C:\MYDOCUMENTS\CABBAGESVN\BUILDS\VISUALSTUDIO2010\RELEASE\COMPONENTLAYOUTEDITOR.OBJ
C:\MYDOCUMENTS\CABBAGESVN\BUILDS\VISUALSTUDIO2010\RELEASE\IMAGEBINARIES.OBJ
C:\MyDocuments\CabbageSVN\Builds\VisualStudio2010\Release\juce_AudioFilterStreamer.obj
C:\MYDOCUMENTS\CABBAGESVN\BUILDS\VISUALSTUDIO2010\RELEASE\JUCELIBRARYCODE1.OBJ
C:\MYDOCUMENTS\CABBAGESVN\BUILDS\VISUALSTUDIO2010\RELEASE\JUCELIBRARYCODE2.OBJ
C:\MYDOCUMENTS\CABBAGESVN\BUILDS\VISUALSTUDIO2010\RELEASE\JUCELIBRARYCODE3.OBJ
C:\MYDOCUMENTS\CABBAGESVN\BUILDS\VISUALSTUDIO2010\RELEASE\JUCELIBRARYCODE4.OBJ
C:\MyDocuments\CabbageSVN\Builds\VisualStudio2010\Release\link.command.1.tlog
C:\MyDocuments\CabbageSVN\Builds\VisualStudio2010\Release\link.read.1.tlog
C:\MyDocuments\CabbageSVN\Builds\VisualStudio2010\Release\link.write.1.tlog
C:\MyDocuments\CabbageSVN\Builds\VisualStudio2010\Release\mt.command.1.tlog
C:\MyDocuments\CabbageSVN\Builds\VisualStudio2010\Release\mt.read.1.tlog
C:\MyDocuments\CabbageSVN\Builds\VisualStudio2010\Release\mt.write.1.tlog
C:\MYDOCUMENTS\CABBAGESVN\BUILDS\VISUALSTUDIO2010\RELEASE\STANDALONEFILTERAPP.OBJ
C:\MYDOCUMENTS\CABBAGESVN\BUILDS\VISUALSTUDIO2010\RELEASE\VC100.PDB
C:\MYDOCUMENTS\MY DROPBOX\CABBAGEAPRIL2011\BUILDS\VISUALSTUDIO2010\RELEASE\CABBAGE.EXE
C:\MYDOCUMENTS\MY DROPBOX\CABBAGEAPRIL2011\BUILDS\VISUALSTUDIO2010\RELEASE\CABBAGE.EXE.INTERMEDIATE.MANIFEST
C:\MyDocuments\My Dropbox\CabbageApril2011\Builds\VisualStudio2010\Release\Cabbage.exp
C:\MyDocuments\My Dropbox\CabbageApril2011\Builds\VisualStudio2010\Release\Cabbage.lib
C:\MYDOCUMENTS\MY DROPBOX\CABBAGEAPRIL2011\BUILDS\VISUALSTUDIO2010\RELEASE\CABBAGE.PDB
C:\MYDOCUMENTS\MY DROPBOX\CABBAGEAPRIL2011\BUILDS\VISUALSTUDIO2010\RELEASE\CABBAGEGUICLASS.OBJ
C:\MYDOCUMENTS\MY DROPBOX\CABBAGEAPRIL2011\BUILDS\VISUALSTUDIO2010\RELEASE\CABBAGEPLUGINEDITOR.OBJ
C:\MYDOCUMENTS\MY DROPBOX\CABBAGEAPRIL2011\BUILDS\VISUALSTUDIO2010\RELEASE\CABBAGEPLUGINPROCESSOR.OBJ
C:\MYDOCUMENTS\MY DROPBOX\CABBAGEAPRIL2011\BUILDS\VISUALSTUDIO2010\RELEASE\CABBAGESTANDALONEDIALOG.OBJ
C:\MYDOCUMENTS\MY DROPBOX\CABBAGEAPRIL2011\BUILDS\VISUALSTUDIO2010\RELEASE\JUCE_AUDIOFILTERSTREAMER.OBJ
C:\MYDOCUMENTS\MY DROPBOX\CABBAGEAPRIL2011\BUILDS\VISUALSTUDIO2010\RELEASE\JUCELIBRARYCODE1.OBJ
C:\MYDOCUMENTS\MY DROPBOX\CABBAGEAPRIL2011\BUILDS\VISUALSTUDIO2010\RELEASE\JUCELIBRARYCODE2.OBJ
C:\MYDOCUMENTS\MY DROPBOX\CABBAGEAPRIL2011\BUILDS\VISUALSTUDIO2010\RELEASE\JUCELIBRARYCODE3.OBJ
C:\MYDOCUMENTS\MY DROPBOX\CABBAGEAPRIL2011\BUILDS\VISUALSTUDIO2010\RELEASE\JUCELIBRARYCODE4.OBJ
C:\MYDOCUMENTS\MY DROPBOX\CABBAGEAPRIL2011\BUILDS\VISUALSTUDIO2010\RELEASE\STANDALONEFILTERAPP.OBJ
C:\MYDOCUMENTS\MY DROPBOX\CABBAGEAPRIL2011\BUILDS\VISUALSTUDIO2010\RELEASE\VC100.PDB
