Build started 27/09/2011 19:03:27.
     1>Project "C:\MyDocuments\CabbageSVN\Builds\VisualStudio2010\Cabbage.vcxproj" on node 2 (build target(s)).
     1>InitializeBuildStatus:
         Touching ".\Debug\Cabbage.unsuccessfulbuild".
       ClCompile:
         c:\Program Files\Microsoft Visual Studio 10.0\VC\bin\CL.exe /c /IC:\MyDocuments\SourceCode\Csound5\csound5\H /I"C:\MyDocuments\My Dropbox\ASIOSDK2" /I"C:\MyDocuments\My Dropbox\vstsdk2.4" /ZI /nologo /W4 /WX- /Od /Oy- /D WIN32 /D _WINDOWS /D DEBUG /D _DEBUG /D JUCER_VS2008_78A5006=1 /D MSVC /D Cabbage_Build_Standalone /D Cabbage_Named_Pipe /D USE_DOUBLE /D Cabbage_GUI_Editor /D _MBCS /Gm- /EHsc /MTd /GS /fp:precise /Zc:wchar_t /Zc:forScope /GR /Fo".\Debug\\" /Fd".\Debug\vc100.pdb" /Gd /TP /analyze- /errorReport:prompt ..\..\Source\CabbageGUIClass.cpp ..\..\Source\CabbagePluginEditor.cpp ..\..\Source\StandaloneFilterApp.cpp
         CabbageGUIClass.cpp
     1>c:\mydocuments\cabbagesvn\source\cabbageguiclass.cpp(328): warning C4244: '=' : conversion from 'int' to 'float', possible loss of data
     1>c:\mydocuments\cabbagesvn\source\cabbageguiclass.cpp(425): error C2059: syntax error : '<<'
     1>c:\mydocuments\cabbagesvn\source\cabbageguiclass.cpp(429): error C2143: syntax error : missing ';' before '{'
     1>c:\mydocuments\cabbagesvn\source\cabbageguiclass.cpp(429): error C2447: '{' : missing function header (old-style formal list?)
     1>c:\mydocuments\cabbagesvn\source\cabbageguiclass.cpp(607): error C2059: syntax error : '=='
     1>c:\mydocuments\cabbagesvn\source\cabbageguiclass.cpp(611): error C2143: syntax error : missing ';' before '{'
     1>c:\mydocuments\cabbagesvn\source\cabbageguiclass.cpp(611): error C2447: '{' : missing function header (old-style formal list?)
     1>c:\mydocuments\cabbagesvn\source\cabbageguiclass.cpp(651): error C2084: function 'void CabbageGUIClass::setNumProp(juce::String,float)' already has a body
                 c:\mydocuments\cabbagesvn\source\cabbageguiclass.h(55) : see previous definition of 'setNumProp'
     1>c:\mydocuments\cabbagesvn\source\cabbageguiclass.cpp(687): error C2084: function 'juce::String CabbageGUIClass::getPropsString(void)' already has a body
                 c:\mydocuments\cabbagesvn\source\cabbageguiclass.h(58) : see previous definition of 'getPropsString'
     1>c:\mydocuments\cabbagesvn\source\cabbageguiclass.cpp(695): error C2084: function 'juce::String CabbageGUIClass::getStringProp(juce::String)' already has a body
                 c:\mydocuments\cabbagesvn\source\cabbageguiclass.h(57) : see previous definition of 'getStringProp'
     1>c:\mydocuments\cabbagesvn\source\cabbageguiclass.cpp(748): error C2084: function 'void CabbageGUIClass::setStringProp(juce::String,juce::String)' already has a body
                 c:\mydocuments\cabbagesvn\source\cabbageguiclass.h(56) : see previous definition of 'setStringProp'
     1>c:\mydocuments\cabbagesvn\source\cabbageguiclass.cpp(789): error C2059: syntax error : '>>'
         CabbagePluginEditor.cpp
     1>c:\mydocuments\cabbagesvn\source\cabbagecustomwidgets.h(327): warning C4244: 'argument' : conversion from 'double' to 'float', possible loss of data
     1>c:\mydocuments\cabbagesvn\source\cabbagecustomwidgets.h(327): warning C4244: 'argument' : conversion from 'int' to 'float', possible loss of data
     1>c:\mydocuments\cabbagesvn\source\cabbagecustomwidgets.h(327): warning C4244: 'argument' : conversion from 'int' to 'float', possible loss of data
     1>c:\mydocuments\cabbagesvn\source\cabbagecustomwidgets.h(329): warning C4244: 'argument' : conversion from 'double' to 'float', possible loss of data
     1>c:\mydocuments\cabbagesvn\source\cabbagecustomwidgets.h(329): warning C4244: 'argument' : conversion from 'int' to 'float', possible loss of data
     1>c:\mydocuments\cabbagesvn\source\cabbagecustomwidgets.h(329): warning C4244: 'argument' : conversion from 'int' to 'float', possible loss of data
     1>c:\mydocuments\cabbagesvn\source\cabbagecustomwidgets.h(329): warning C4244: 'argument' : conversion from 'int' to 'float', possible loss of data
     1>c:\mydocuments\cabbagesvn\source\cabbagecustomwidgets.h(329): warning C4244: 'argument' : conversion from 'int' to 'float', possible loss of data
     1>c:\mydocuments\cabbagesvn\source\cabbagecustomwidgets.h(333): warning C4244: 'argument' : conversion from 'int' to 'float', possible loss of data
     1>c:\mydocuments\cabbagesvn\source\cabbagecustomwidgets.h(333): warning C4244: 'argument' : conversion from 'int' to 'float', possible loss of data
     1>c:\mydocuments\cabbagesvn\source\cabbagecustomwidgets.h(335): warning C4244: 'argument' : conversion from 'int' to 'float', possible loss of data
     1>c:\mydocuments\cabbagesvn\source\cabbagecustomwidgets.h(335): warning C4244: 'argument' : conversion from 'int' to 'float', possible loss of data
     1>c:\mydocuments\cabbagesvn\source\cabbagecustomwidgets.h(335): warning C4244: 'argument' : conversion from 'int' to 'float', possible loss of data
     1>c:\mydocuments\cabbagesvn\source\cabbagecustomwidgets.h(335): warning C4244: 'argument' : conversion from 'int' to 'float', possible loss of data
     1>c:\mydocuments\cabbagesvn\source\cabbageplugineditor.cpp(33): error C2143: syntax error : missing ';' before '<<'
     1>c:\mydocuments\cabbagesvn\source\cabbageplugineditor.cpp(33): error C2761: '{ctor}' : member function redeclaration not allowed
     1>c:\mydocuments\cabbagesvn\source\cabbageplugineditor.cpp(34): error C2512: 'juce::AudioProcessorEditor' : no appropriate default constructor available
     1>c:\mydocuments\cabbagesvn\source\cabbageplugineditor.cpp(34): error C2248: 'juce::AudioProcessorEditor::AudioProcessorEditor' : cannot access protected member declared in class 'juce::AudioProcessorEditor'
                 c:\mydocuments\jucetip\juce\juce_amalgamated.h(45473) : see declaration of 'juce::AudioProcessorEditor::AudioProcessorEditor'
                 c:\mydocuments\jucetip\juce\juce_amalgamated.h(45467) : see declaration of 'juce::AudioProcessorEditor'
     1>c:\mydocuments\cabbagesvn\source\cabbageplugineditor.cpp(35): error C2248: 'juce::AudioProcessorEditor::AudioProcessorEditor' : cannot access protected member declared in class 'juce::AudioProcessorEditor'
                 c:\mydocuments\jucetip\juce\juce_amalgamated.h(45473) : see declaration of 'juce::AudioProcessorEditor::AudioProcessorEditor'
                 c:\mydocuments\jucetip\juce\juce_amalgamated.h(45467) : see declaration of 'juce::AudioProcessorEditor'
     1>c:\mydocuments\cabbagesvn\source\cabbageplugineditor.cpp(35): error C2143: syntax error : missing ';' before '=='
     1>c:\mydocuments\cabbagesvn\source\cabbageplugineditor.cpp(35): error C2059: syntax error : '=='
     1>c:\mydocuments\cabbagesvn\source\cabbageplugineditor.cpp(36): error C2086: 'juce::AudioProcessorEditor ownerFilter' : redefinition
                 c:\mydocuments\cabbagesvn\source\cabbageplugineditor.cpp(34) : see declaration of 'ownerFilter'
     1>c:\mydocuments\cabbagesvn\source\cabbageplugineditor.cpp(36): error C2512: 'juce::AudioProcessorEditor' : no appropriate default constructor available
     1>c:\mydocuments\cabbagesvn\source\cabbageplugineditor.cpp(37): error C2374: 'lineNumber' : redefinition; multiple initialization
                 c:\mydocuments\cabbagesvn\source\cabbageplugineditor.cpp(34) : see declaration of 'lineNumber'
     1>c:\mydocuments\cabbagesvn\source\cabbageplugineditor.cpp(37): error C2248: 'juce::AudioProcessorEditor::AudioProcessorEditor' : cannot access protected member declared in class 'juce::AudioProcessorEditor'
                 c:\mydocuments\jucetip\juce\juce_amalgamated.h(45473) : see declaration of 'juce::AudioProcessorEditor::AudioProcessorEditor'
                 c:\mydocuments\jucetip\juce\juce_amalgamated.h(45467) : see declaration of 'juce::AudioProcessorEditor'
     1>c:\mydocuments\cabbagesvn\source\cabbageplugineditor.cpp(37): error C2143: syntax error : missing ';' before '>>'
     1>c:\mydocuments\cabbagesvn\source\cabbageplugineditor.cpp(37): error C2059: syntax error : '>>'
     1>c:\mydocuments\cabbagesvn\source\cabbageplugineditor.cpp(38): error C2143: syntax error : missing ';' before '{'
     1>c:\mydocuments\cabbagesvn\source\cabbageplugineditor.cpp(38): error C2447: '{' : missing function header (old-style formal list?)
     1>c:\mydocuments\cabbagesvn\source\cabbageplugineditor.cpp(289): error C2143: syntax error : missing ';' before '<<'
     1>c:\mydocuments\cabbagesvn\source\cabbageplugineditor.cpp(407): warning C4244: 'argument' : conversion from 'float' to 'int', possible loss of data
     1>c:\mydocuments\cabbagesvn\source\cabbageplugineditor.cpp(407): warning C4244: 'argument' : conversion from 'float' to 'int', possible loss of data
     1>c:\mydocuments\cabbagesvn\source\cabbageplugineditor.cpp(407): warning C4244: 'argument' : conversion from 'float' to 'int', possible loss of data
     1>c:\mydocuments\cabbagesvn\source\cabbageplugineditor.cpp(407): warning C4244: 'argument' : conversion from 'float' to 'int', possible loss of data
     1>c:\mydocuments\cabbagesvn\source\cabbageplugineditor.cpp(465): warning C4244: 'argument' : conversion from 'float' to 'int', possible loss of data
     1>c:\mydocuments\cabbagesvn\source\cabbageplugineditor.cpp(465): warning C4244: 'argument' : conversion from 'float' to 'int', possible loss of data
     1>c:\mydocuments\cabbagesvn\source\cabbageplugineditor.cpp(465): warning C4244: 'argument' : conversion from 'float' to 'int', possible loss of data
     1>c:\mydocuments\cabbagesvn\source\cabbageplugineditor.cpp(465): warning C4244: 'argument' : conversion from 'float' to 'int', possible loss of data
     1>c:\mydocuments\cabbagesvn\source\cabbageplugineditor.cpp(465): warning C4244: 'argument' : conversion from 'float' to 'int', possible loss of data
     1>c:\mydocuments\cabbagesvn\source\cabbageplugineditor.cpp(474): warning C4244: 'argument' : conversion from 'float' to 'int', possible loss of data
     1>c:\mydocuments\cabbagesvn\source\cabbageplugineditor.cpp(474): warning C4244: 'argument' : conversion from 'float' to 'int', possible loss of data
     1>c:\mydocuments\cabbagesvn\source\cabbageplugineditor.cpp(474): warning C4244: 'argument' : conversion from 'float' to 'int', possible loss of data
     1>c:\mydocuments\cabbagesvn\source\cabbageplugineditor.cpp(474): warning C4244: 'argument' : conversion from 'float' to 'int', possible loss of data
     1>c:\mydocuments\cabbagesvn\source\cabbageplugineditor.cpp(509): warning C4244: 'argument' : conversion from 'float' to 'int', possible loss of data
     1>c:\mydocuments\cabbagesvn\source\cabbageplugineditor.cpp(509): warning C4244: 'argument' : conversion from 'float' to 'int', possible loss of data
     1>c:\mydocuments\cabbagesvn\source\cabbageplugineditor.cpp(509): warning C4244: 'argument' : conversion from 'float' to 'int', possible loss of data
     1>c:\mydocuments\cabbagesvn\source\cabbageplugineditor.cpp(509): warning C4244: 'argument' : conversion from 'float' to 'int', possible loss of data
     1>c:\mydocuments\cabbagesvn\source\cabbageplugineditor.cpp(516): warning C4244: 'argument' : conversion from 'float' to 'int', possible loss of data
     1>c:\mydocuments\cabbagesvn\source\cabbageplugineditor.cpp(516): warning C4244: 'argument' : conversion from 'float' to 'int', possible loss of data
     1>c:\mydocuments\cabbagesvn\source\cabbageplugineditor.cpp(516): warning C4244: 'argument' : conversion from 'float' to 'int', possible loss of data
     1>c:\mydocuments\cabbagesvn\source\cabbageplugineditor.cpp(516): warning C4244: 'argument' : conversion from 'float' to 'int', possible loss of data
     1>c:\mydocuments\cabbagesvn\source\cabbageplugineditor.cpp(543): warning C4244: 'initializing' : conversion from 'float' to 'int', possible loss of data
     1>c:\mydocuments\cabbagesvn\source\cabbageplugineditor.cpp(544): warning C4244: 'initializing' : conversion from 'float' to 'int', possible loss of data
     1>c:\mydocuments\cabbagesvn\source\cabbageplugineditor.cpp(545): warning C4244: 'initializing' : conversion from 'float' to 'int', possible loss of data
     1>c:\mydocuments\cabbagesvn\source\cabbageplugineditor.cpp(546): warning C4244: 'initializing' : conversion from 'float' to 'int', possible loss of data
     1>c:\mydocuments\cabbagesvn\source\cabbageplugineditor.cpp(613): warning C4244: 'argument' : conversion from 'float' to 'int', possible loss of data
     1>c:\mydocuments\cabbagesvn\source\cabbageplugineditor.cpp(613): warning C4244: 'argument' : conversion from 'float' to 'int', possible loss of data
     1>c:\mydocuments\cabbagesvn\source\cabbageplugineditor.cpp(613): warning C4244: 'argument' : conversion from 'float' to 'int', possible loss of data
     1>c:\mydocuments\cabbagesvn\source\cabbageplugineditor.cpp(613): warning C4244: 'argument' : conversion from 'float' to 'int', possible loss of data
     1>c:\mydocuments\cabbagesvn\source\cabbageplugineditor.cpp(620): warning C4244: 'argument' : conversion from 'float' to 'int', possible loss of data
     1>c:\mydocuments\cabbagesvn\source\cabbageplugineditor.cpp(620): warning C4244: 'argument' : conversion from 'float' to 'int', possible loss of data
     1>c:\mydocuments\cabbagesvn\source\cabbageplugineditor.cpp(620): warning C4244: 'argument' : conversion from 'float' to 'int', possible loss of data
     1>c:\mydocuments\cabbagesvn\source\cabbageplugineditor.cpp(620): warning C4244: 'argument' : conversion from 'float' to 'int', possible loss of data
     1>c:\mydocuments\cabbagesvn\source\cabbageplugineditor.cpp(667): warning C4244: 'argument' : conversion from 'float' to 'int', possible loss of data
     1>c:\mydocuments\cabbagesvn\source\cabbageplugineditor.cpp(667): warning C4244: 'argument' : conversion from 'float' to 'int', possible loss of data
     1>c:\mydocuments\cabbagesvn\source\cabbageplugineditor.cpp(667): warning C4244: 'argument' : conversion from 'float' to 'int', possible loss of data
     1>c:\mydocuments\cabbagesvn\source\cabbageplugineditor.cpp(667): warning C4244: 'argument' : conversion from 'float' to 'int', possible loss of data
     1>c:\mydocuments\cabbagesvn\source\cabbageplugineditor.cpp(674): warning C4244: 'argument' : conversion from 'float' to 'int', possible loss of data
     1>c:\mydocuments\cabbagesvn\source\cabbageplugineditor.cpp(674): warning C4244: 'argument' : conversion from 'float' to 'int', possible loss of data
     1>c:\mydocuments\cabbagesvn\source\cabbageplugineditor.cpp(674): warning C4244: 'argument' : conversion from 'float' to 'int', possible loss of data
     1>c:\mydocuments\cabbagesvn\source\cabbageplugineditor.cpp(674): warning C4244: 'argument' : conversion from 'float' to 'int', possible loss of data
     1>c:\mydocuments\cabbagesvn\source\cabbageplugineditor.cpp(680): warning C4244: 'argument' : conversion from 'float' to 'int', possible loss of data
     1>c:\mydocuments\cabbagesvn\source\cabbageplugineditor.cpp(680): warning C4244: 'argument' : conversion from 'float' to 'int', possible loss of data
     1>c:\mydocuments\cabbagesvn\source\cabbageplugineditor.cpp(680): warning C4244: 'argument' : conversion from 'float' to 'int', possible loss of data
     1>c:\mydocuments\cabbagesvn\source\cabbageplugineditor.cpp(680): warning C4244: 'argument' : conversion from 'float' to 'int', possible loss of data
     1>c:\mydocuments\cabbagesvn\source\cabbageplugineditor.cpp(685): warning C4244: 'argument' : conversion from 'float' to 'int', possible loss of data
     1>c:\mydocuments\cabbagesvn\source\cabbageplugineditor.cpp(685): warning C4244: 'argument' : conversion from 'float' to 'int', possible loss of data
     1>c:\mydocuments\cabbagesvn\source\cabbageplugineditor.cpp(685): warning C4244: 'argument' : conversion from 'float' to 'int', possible loss of data
     1>c:\mydocuments\cabbagesvn\source\cabbageplugineditor.cpp(685): warning C4244: 'argument' : conversion from 'float' to 'int', possible loss of data
     1>c:\mydocuments\cabbagesvn\source\cabbageplugineditor.cpp(687): warning C4244: 'argument' : conversion from 'float' to 'int', possible loss of data
     1>c:\mydocuments\cabbagesvn\source\cabbageplugineditor.cpp(687): warning C4244: 'argument' : conversion from 'float' to 'int', possible loss of data
     1>c:\mydocuments\cabbagesvn\source\cabbageplugineditor.cpp(687): warning C4244: 'argument' : conversion from 'float' to 'int', possible loss of data
     1>c:\mydocuments\cabbagesvn\source\cabbageplugineditor.cpp(687): warning C4244: 'argument' : conversion from 'float' to 'int', possible loss of data
     1>c:\mydocuments\cabbagesvn\source\cabbageplugineditor.cpp(717): warning C4244: 'initializing' : conversion from 'float' to 'int', possible loss of data
     1>c:\mydocuments\cabbagesvn\source\cabbageplugineditor.cpp(774): warning C4244: 'argument' : conversion from 'float' to 'int', possible loss of data
     1>c:\mydocuments\cabbagesvn\source\cabbageplugineditor.cpp(774): warning C4244: 'argument' : conversion from 'float' to 'int', possible loss of data
     1>c:\mydocuments\cabbagesvn\source\cabbageplugineditor.cpp(774): warning C4244: 'argument' : conversion from 'float' to 'int', possible loss of data
     1>c:\mydocuments\cabbagesvn\source\cabbageplugineditor.cpp(774): warning C4244: 'argument' : conversion from 'float' to 'int', possible loss of data
     1>c:\mydocuments\cabbagesvn\source\cabbageplugineditor.cpp(780): warning C4244: 'argument' : conversion from 'float' to 'int', possible loss of data
     1>c:\mydocuments\cabbagesvn\source\cabbageplugineditor.cpp(780): warning C4244: 'argument' : conversion from 'float' to 'int', possible loss of data
     1>c:\mydocuments\cabbagesvn\source\cabbageplugineditor.cpp(780): warning C4244: 'argument' : conversion from 'float' to 'int', possible loss of data
     1>c:\mydocuments\cabbagesvn\source\cabbageplugineditor.cpp(780): warning C4244: 'argument' : conversion from 'float' to 'int', possible loss of data
     1>c:\mydocuments\cabbagesvn\source\cabbageplugineditor.cpp(785): warning C4244: 'argument' : conversion from 'float' to 'int', possible loss of data
     1>c:\mydocuments\cabbagesvn\source\cabbageplugineditor.cpp(785): warning C4244: 'argument' : conversion from 'float' to 'int', possible loss of data
     1>c:\mydocuments\cabbagesvn\source\cabbageplugineditor.cpp(785): warning C4244: 'argument' : conversion from 'float' to 'int', possible loss of data
     1>c:\mydocuments\cabbagesvn\source\cabbageplugineditor.cpp(785): warning C4244: 'argument' : conversion from 'float' to 'int', possible loss of data
     1>c:\mydocuments\cabbagesvn\source\cabbageplugineditor.cpp(829): warning C4244: 'argument' : conversion from 'float' to 'int', possible loss of data
     1>c:\mydocuments\cabbagesvn\source\cabbageplugineditor.cpp(829): warning C4244: 'argument' : conversion from 'float' to 'int', possible loss of data
     1>c:\mydocuments\cabbagesvn\source\cabbageplugineditor.cpp(829): warning C4244: 'argument' : conversion from 'float' to 'int', possible loss of data
     1>c:\mydocuments\cabbagesvn\source\cabbageplugineditor.cpp(829): warning C4244: 'argument' : conversion from 'float' to 'int', possible loss of data
     1>c:\mydocuments\cabbagesvn\source\cabbageplugineditor.cpp(836): warning C4244: 'argument' : conversion from 'float' to 'int', possible loss of data
     1>c:\mydocuments\cabbagesvn\source\cabbageplugineditor.cpp(836): warning C4244: 'argument' : conversion from 'float' to 'int', possible loss of data
     1>c:\mydocuments\cabbagesvn\source\cabbageplugineditor.cpp(836): warning C4244: 'argument' : conversion from 'float' to 'int', possible loss of data
     1>c:\mydocuments\cabbagesvn\source\cabbageplugineditor.cpp(836): warning C4244: 'argument' : conversion from 'float' to 'int', possible loss of data
     1>c:\mydocuments\cabbagesvn\source\cabbageplugineditor.cpp(842): warning C4244: 'argument' : conversion from 'float' to 'int', possible loss of data
     1>c:\mydocuments\cabbagesvn\source\cabbageplugineditor.cpp(842): warning C4244: 'argument' : conversion from 'float' to 'int', possible loss of data
     1>c:\mydocuments\cabbagesvn\source\cabbageplugineditor.cpp(842): warning C4244: 'argument' : conversion from 'float' to 'int', possible loss of data
     1>c:\mydocuments\cabbagesvn\source\cabbageplugineditor.cpp(842): warning C4244: 'argument' : conversion from 'float' to 'int', possible loss of data
     1>c:\mydocuments\cabbagesvn\source\cabbageplugineditor.cpp(951): warning C4244: 'argument' : conversion from 'float' to 'int', possible loss of data
     1>c:\mydocuments\cabbagesvn\source\cabbageplugineditor.cpp(951): warning C4244: 'argument' : conversion from 'float' to 'int', possible loss of data
     1>c:\mydocuments\cabbagesvn\source\cabbageplugineditor.cpp(951): warning C4244: 'argument' : conversion from 'float' to 'int', possible loss of data
     1>c:\mydocuments\cabbagesvn\source\cabbageplugineditor.cpp(951): warning C4244: 'argument' : conversion from 'float' to 'int', possible loss of data
     1>c:\mydocuments\cabbagesvn\source\cabbageplugineditor.cpp(958): warning C4244: 'argument' : conversion from 'float' to 'int', possible loss of data
     1>c:\mydocuments\cabbagesvn\source\cabbageplugineditor.cpp(958): warning C4244: 'argument' : conversion from 'float' to 'int', possible loss of data
     1>c:\mydocuments\cabbagesvn\source\cabbageplugineditor.cpp(958): warning C4244: 'argument' : conversion from 'float' to 'int', possible loss of data
     1>c:\mydocuments\cabbagesvn\source\cabbageplugineditor.cpp(958): warning C4244: 'argument' : conversion from 'float' to 'int', possible loss of data
     1>c:\mydocuments\cabbagesvn\source\cabbageplugineditor.cpp(964): warning C4244: 'argument' : conversion from 'float' to 'int', possible loss of data
     1>c:\mydocuments\cabbagesvn\source\cabbageplugineditor.cpp(964): warning C4244: 'argument' : conversion from 'float' to 'int', possible loss of data
     1>c:\mydocuments\cabbagesvn\source\cabbageplugineditor.cpp(964): warning C4244: 'argument' : conversion from 'float' to 'int', possible loss of data
     1>c:\mydocuments\cabbagesvn\source\cabbageplugineditor.cpp(964): warning C4244: 'argument' : conversion from 'float' to 'int', possible loss of data
     1>c:\mydocuments\cabbagesvn\source\cabbageplugineditor.cpp(974): warning C4244: 'argument' : conversion from 'int' to 'float', possible loss of data
     1>c:\mydocuments\cabbagesvn\source\cabbageplugineditor.cpp(977): warning C4244: 'argument' : conversion from 'float' to 'int', possible loss of data
     1>c:\mydocuments\cabbagesvn\source\cabbageplugineditor.cpp(1003): warning C4244: 'argument' : conversion from 'int' to 'float', possible loss of data
     1>c:\mydocuments\cabbagesvn\source\cabbageplugineditor.cpp(1032): warning C4244: 'argument' : conversion from 'juce::juce_wchar' to 'char', possible loss of data
     1>c:\mydocuments\cabbagesvn\source\cabbageplugineditor.cpp(1065): error C2143: syntax error : missing ';' before '<<'
     1>c:\mydocuments\cabbagesvn\source\cabbageplugineditor.cpp(1067): error C2143: syntax error : missing ';' before '=='
     1>c:\mydocuments\cabbagesvn\source\cabbageplugineditor.cpp(1070): error C2143: syntax error : missing ';' before '>>'
     1>c:\mydocuments\cabbagesvn\source\cabbageplugineditor.cpp(1073): error C2143: syntax error : missing ';' before '{'
     1>c:\mydocuments\cabbagesvn\source\cabbageplugineditor.cpp(1074): error C2143: syntax error : missing ';' before '<<'
     1>c:\mydocuments\cabbagesvn\source\cabbageplugineditor.cpp(1075): error C2143: syntax error : missing ';' before '{'
     1>c:\mydocuments\cabbagesvn\source\cabbageplugineditor.cpp(1078): error C2143: syntax error : missing ';' before '=='
     1>c:\mydocuments\cabbagesvn\source\cabbageplugineditor.cpp(1081): error C2143: syntax error : missing ';' before '>>'
     1>c:\mydocuments\cabbagesvn\source\cabbageplugineditor.cpp(1085): error C2181: illegal else without matching if
     1>c:\mydocuments\cabbagesvn\source\cabbageplugineditor.cpp(1096): error C2143: syntax error : missing ';' before '<<'
     1>c:\mydocuments\cabbagesvn\source\cabbageplugineditor.cpp(1097): error C2143: syntax error : missing ';' before '{'
     1>c:\mydocuments\cabbagesvn\source\cabbageplugineditor.cpp(1098): warning C4800: 'float' : forcing value to bool 'true' or 'false' (performance warning)
     1>c:\mydocuments\cabbagesvn\source\cabbageplugineditor.cpp(1102): error C2143: syntax error : missing ';' before '=='
     1>c:\mydocuments\cabbagesvn\source\cabbageplugineditor.cpp(1103): error C2143: syntax error : missing ';' before '{'
     1>c:\mydocuments\cabbagesvn\source\cabbageplugineditor.cpp(1104): warning C4800: 'float' : forcing value to bool 'true' or 'false' (performance warning)
     1>c:\mydocuments\cabbagesvn\source\cabbageplugineditor.cpp(1107): error C2143: syntax error : missing ';' before '>>'
     1>c:\mydocuments\cabbagesvn\source\cabbageplugineditor.cpp(1111): error C2059: syntax error : 'for'
     1>c:\mydocuments\cabbagesvn\source\cabbageplugineditor.cpp(1111): error C2143: syntax error : missing ')' before ';'
     1>c:\mydocuments\cabbagesvn\source\cabbageplugineditor.cpp(1111): error C2143: syntax error : missing ';' before '<'
     1>c:\mydocuments\cabbagesvn\source\cabbageplugineditor.cpp(1111): error C4430: missing type specifier - int assumed. Note: C++ does not support default-int
     1>c:\mydocuments\cabbagesvn\source\cabbageplugineditor.cpp(1111): error C2143: syntax error : missing ';' before '++'
     1>c:\mydocuments\cabbagesvn\source\cabbageplugineditor.cpp(1111): error C4430: missing type specifier - int assumed. Note: C++ does not support default-int
     1>c:\mydocuments\cabbagesvn\source\cabbageplugineditor.cpp(1111): error C2086: 'int i' : redefinition
                 c:\mydocuments\cabbagesvn\source\cabbageplugineditor.cpp(1111) : see declaration of 'i'
     1>c:\mydocuments\cabbagesvn\source\cabbageplugineditor.cpp(1111): error C2059: syntax error : ')'
     1>c:\mydocuments\cabbagesvn\source\cabbageplugineditor.cpp(1111): error C2143: syntax error : missing ';' before '{'
     1>c:\mydocuments\cabbagesvn\source\cabbageplugineditor.cpp(1111): error C2447: '{' : missing function header (old-style formal list?)
     1>c:\mydocuments\cabbagesvn\source\cabbageplugineditor.cpp(1139): error C2059: syntax error : 'if'
     1>c:\mydocuments\cabbagesvn\source\cabbageplugineditor.cpp(1139): error C2143: syntax error : missing ';' before '{'
     1>c:\mydocuments\cabbagesvn\source\cabbageplugineditor.cpp(1139): error C2447: '{' : missing function header (old-style formal list?)
     1>c:\mydocuments\cabbagesvn\source\cabbageplugineditor.cpp(1191): error C2061: syntax error : identifier 'ccBuffer'
     1>c:\mydocuments\cabbagesvn\source\cabbageplugineditor.cpp(1195): fatal error C1020: unexpected #endif
         StandaloneFilterApp.cpp
         Generating Code...
     1>Done Building Project "C:\MyDocuments\CabbageSVN\Builds\VisualStudio2010\Cabbage.vcxproj" (build target(s)) -- FAILED.

Build FAILED.

Time Elapsed 00:00:13.10
