.\Debug\Cabbage.ilk
.\Debug\Cabbage.pdb
C:\MyDocuments\CabbageSVN\Builds\VisualStudio2010\.\Debug\Cabbage.exe
C:\MyDocuments\CabbageSVN\Builds\VisualStudio2010\.\Debug\Cabbage.exe.intermediate.manifest
C:\MYDOCUMENTS\CABBAGESVN\BUILDS\VISUALSTUDIO2010\DEBUG\CABBAGE.EXE
C:\MYDOCUMENTS\CABBAGESVN\BUILDS\VISUALSTUDIO2010\DEBUG\CABBAGE.EXE.INTERMEDIATE.MANIFEST
C:\MyDocuments\CabbageSVN\Builds\VisualStudio2010\Debug\Cabbage.exp
C:\MYDOCUMENTS\CABBAGESVN\BUILDS\VISUALSTUDIO2010\DEBUG\CABBAGE.ILK
C:\MyDocuments\CabbageSVN\Builds\VisualStudio2010\Debug\Cabbage.lib
C:\MYDOCUMENTS\CABBAGESVN\BUILDS\VISUALSTUDIO2010\DEBUG\CABBAGE.PDB
C:\MyDocuments\CabbageSVN\Builds\VisualStudio2010\Debug\Cabbage.write.1.tlog
C:\MYDOCUMENTS\CABBAGESVN\BUILDS\VISUALSTUDIO2010\DEBUG\CABBAGEGUICLASS.OBJ
C:\MYDOCUMENTS\CABBAGESVN\BUILDS\VISUALSTUDIO2010\DEBUG\CABBAGELOOKANDFEEL.OBJ
C:\MYDOCUMENTS\CABBAGESVN\BUILDS\VISUALSTUDIO2010\DEBUG\CABBAGEMAINPANEL.OBJ
C:\MYDOCUMENTS\CABBAGESVN\BUILDS\VISUALSTUDIO2010\DEBUG\CABBAGEPLUGINEDITOR.OBJ
C:\MYDOCUMENTS\CABBAGESVN\BUILDS\VISUALSTUDIO2010\DEBUG\CABBAGEPLUGINPROCESSOR.OBJ
C:\MYDOCUMENTS\CABBAGESVN\BUILDS\VISUALSTUDIO2010\DEBUG\CABBAGESTANDALONEDIALOG.OBJ
C:\MyDocuments\CabbageSVN\Builds\VisualStudio2010\Debug\cl.command.1.tlog
C:\MyDocuments\CabbageSVN\Builds\VisualStudio2010\Debug\CL.read.1.tlog
C:\MyDocuments\CabbageSVN\Builds\VisualStudio2010\Debug\CL.write.1.tlog
C:\MYDOCUMENTS\CABBAGESVN\BUILDS\VISUALSTUDIO2010\DEBUG\COMPONENTLAYOUTEDITOR.OBJ
C:\MYDOCUMENTS\CABBAGESVN\BUILDS\VISUALSTUDIO2010\DEBUG\IMAGEBINARIES.OBJ
C:\MYDOCUMENTS\CABBAGESVN\BUILDS\VISUALSTUDIO2010\DEBUG\JUCELIBRARYCODE1.OBJ
C:\MYDOCUMENTS\CABBAGESVN\BUILDS\VISUALSTUDIO2010\DEBUG\JUCELIBRARYCODE2.OBJ
C:\MYDOCUMENTS\CABBAGESVN\BUILDS\VISUALSTUDIO2010\DEBUG\JUCELIBRARYCODE3.OBJ
C:\MYDOCUMENTS\CABBAGESVN\BUILDS\VISUALSTUDIO2010\DEBUG\JUCELIBRARYCODE4.OBJ
C:\MyDocuments\CabbageSVN\Builds\VisualStudio2010\Debug\link.command.1.tlog
C:\MyDocuments\CabbageSVN\Builds\VisualStudio2010\Debug\link.read.1.tlog
C:\MyDocuments\CabbageSVN\Builds\VisualStudio2010\Debug\link.write.1.tlog
C:\MyDocuments\CabbageSVN\Builds\VisualStudio2010\Debug\mt.command.1.tlog
C:\MyDocuments\CabbageSVN\Builds\VisualStudio2010\Debug\mt.read.1.tlog
C:\MyDocuments\CabbageSVN\Builds\VisualStudio2010\Debug\mt.write.1.tlog
C:\MYDOCUMENTS\CABBAGESVN\BUILDS\VISUALSTUDIO2010\DEBUG\STANDALONEFILTERAPP.OBJ
C:\MyDocuments\CabbageSVN\Builds\VisualStudio2010\Debug\vc100.idb
C:\MYDOCUMENTS\CABBAGESVN\BUILDS\VISUALSTUDIO2010\DEBUG\VC100.PDB
