.\Debug\CabbagePlugin.ilk
.\Debug\CabbagePlugin.pdb
C:\MyDocuments\My Dropbox\Cabbage\Builds\VisualStudio2010\.\Debug\CabbagePlugin.dll
C:\MyDocuments\My Dropbox\Cabbage\Builds\VisualStudio2010\.\Debug\CabbagePlugin.dll.intermediate.manifest
C:\MYDOCUMENTS\MY DROPBOX\CABBAGE\BUILDS\VISUALSTUDIO2010\DEBUG\CABBAGEGUICLASS.OBJ
C:\MYDOCUMENTS\MY DROPBOX\CABBAGE\BUILDS\VISUALSTUDIO2010\DEBUG\CABBAGEPLUGIN.DLL
C:\MYDOCUMENTS\MY DROPBOX\CABBAGE\BUILDS\VISUALSTUDIO2010\DEBUG\CABBAGEPLUGIN.DLL.INTERMEDIATE.MANIFEST
C:\MyDocuments\My Dropbox\Cabbage\Builds\VisualStudio2010\Debug\CabbagePlugin.exp
C:\MYDOCUMENTS\MY DROPBOX\CABBAGE\BUILDS\VISUALSTUDIO2010\DEBUG\CABBAGEPLUGIN.ILK
C:\MyDocuments\My Dropbox\Cabbage\Builds\VisualStudio2010\Debug\CabbagePlugin.lib
C:\MYDOCUMENTS\MY DROPBOX\CABBAGE\BUILDS\VISUALSTUDIO2010\DEBUG\CABBAGEPLUGIN.PDB
C:\MyDocuments\My Dropbox\Cabbage\Builds\VisualStudio2010\Debug\CabbagePlugin.write.1.tlog
C:\MYDOCUMENTS\MY DROPBOX\CABBAGE\BUILDS\VISUALSTUDIO2010\DEBUG\CABBAGEPLUGINEDITOR.OBJ
C:\MYDOCUMENTS\MY DROPBOX\CABBAGE\BUILDS\VISUALSTUDIO2010\DEBUG\CABBAGEPLUGINPROCESSOR.OBJ
C:\MyDocuments\My Dropbox\Cabbage\Builds\VisualStudio2010\Debug\cl.command.1.tlog
C:\MyDocuments\My Dropbox\Cabbage\Builds\VisualStudio2010\Debug\CL.read.1.tlog
C:\MyDocuments\My Dropbox\Cabbage\Builds\VisualStudio2010\Debug\CL.write.1.tlog
C:\MYDOCUMENTS\MY DROPBOX\CABBAGE\BUILDS\VISUALSTUDIO2010\DEBUG\JUCE_VST_WRAPPER.OBJ
C:\MYDOCUMENTS\MY DROPBOX\CABBAGE\BUILDS\VISUALSTUDIO2010\DEBUG\JUCELIBRARYCODE1.OBJ
C:\MYDOCUMENTS\MY DROPBOX\CABBAGE\BUILDS\VISUALSTUDIO2010\DEBUG\JUCELIBRARYCODE2.OBJ
C:\MYDOCUMENTS\MY DROPBOX\CABBAGE\BUILDS\VISUALSTUDIO2010\DEBUG\JUCELIBRARYCODE3.OBJ
C:\MYDOCUMENTS\MY DROPBOX\CABBAGE\BUILDS\VISUALSTUDIO2010\DEBUG\JUCELIBRARYCODE4.OBJ
C:\MyDocuments\My Dropbox\Cabbage\Builds\VisualStudio2010\Debug\link.command.1.tlog
C:\MyDocuments\My Dropbox\Cabbage\Builds\VisualStudio2010\Debug\link.read.1.tlog
C:\MyDocuments\My Dropbox\Cabbage\Builds\VisualStudio2010\Debug\link.write.1.tlog
C:\MyDocuments\My Dropbox\Cabbage\Builds\VisualStudio2010\Debug\mt.command.1.tlog
C:\MyDocuments\My Dropbox\Cabbage\Builds\VisualStudio2010\Debug\mt.read.1.tlog
C:\MyDocuments\My Dropbox\Cabbage\Builds\VisualStudio2010\Debug\mt.write.1.tlog
C:\MyDocuments\My Dropbox\Cabbage\Builds\VisualStudio2010\Debug\vc100.idb
C:\MYDOCUMENTS\MY DROPBOX\CABBAGE\BUILDS\VISUALSTUDIO2010\DEBUG\VC100.PDB
